# JRE version: Java(TM) SE Runtime Environment (17.0.9+11) (build 17.0.9+11-LTS-201)
# Java VM: Java HotSpot(TM) 64-Bit Server VM (17.0.9+11-LTS-201, mixed mode, sharing, tiered, compressed oops, compressed class ptrs, g1 gc, windows-amd64)
GC Precious Log:
 CPUs: 8 total, 8 available
 Memory: 8029M
 Large Page Support: Disabled
 NUMA Support: Disabled
 Compressed Oops: Enabled (32-bit)
 Heap Region Size: 1M
 Heap Min Capacity: 8M
 Heap Initial Capacity: 8M
 Heap Max Capacity: 2008M
 Pre-touch: Disabled
 Parallel Workers: 8
 Concurrent Workers: 2
 Concurrent Refinement Workers: 8
 Periodic GC: Disabled
Heap:
 garbage-first heap   total 10240K, used 2971K [0x0000000082800000, 0x0000000100000000)
  region size 1024K, 2 young (2048K), 1 survivors (1024K)
 Metaspace       used 7747K, committed 7872K, reserved 1114112K
  class space    used 902K, committed 960K, reserved 1048576K
GC Heap History (10 events):
Event: 0.280 GC heap before
{Heap before GC invocations=0 (full 0):
 garbage-first heap   total 8192K, used 3072K [0x0000000082800000, 0x0000000100000000)
  region size 1024K, 3 young (3072K), 0 survivors (0K)
 Metaspace       used 2711K, committed 2816K, reserved 1114112K
  class space    used 351K, committed 384K, reserved 1048576K
}
Event: 0.286 GC heap after
{Heap after GC invocations=1 (full 0):
 garbage-first heap   total 8192K, used 1448K [0x0000000082800000, 0x0000000100000000)
  region size 1024K, 1 young (1024K), 1 survivors (1024K)
 Metaspace       used 2711K, committed 2816K, reserved 1114112K
  class space    used 351K, committed 384K, reserved 1048576K
}
Event: 0.394 GC heap before
{Heap before GC invocations=1 (full 0):
 garbage-first heap   total 8192K, used 2472K [0x0000000082800000, 0x0000000100000000)
  region size 1024K, 2 young (2048K), 1 survivors (1024K)
 Metaspace       used 5407K, committed 5568K, reserved 1114112K
  class space    used 641K, committed 768K, reserved 1048576K
}
Event: 0.396 GC heap after
{Heap after GC invocations=2 (full 0):
 garbage-first heap   total 8192K, used 1996K [0x0000000082800000, 0x0000000100000000)
  region size 1024K, 1 young (1024K), 1 survivors (1024K)
 Metaspace       used 5407K, committed 5568K, reserved 1114112K
  class space    used 641K, committed 768K, reserved 1048576K
}
Event: 0.486 GC heap before
{Heap before GC invocations=2 (full 0):
 garbage-first heap   total 8192K, used 3020K [0x0000000082800000, 0x0000000100000000)
  region size 1024K, 2 young (2048K), 1 survivors (1024K)
 Metaspace       used 7103K, committed 7296K, reserved 1114112K
  class space    used 833K, committed 896K, reserved 1048576K
}
Event: 0.487 GC heap after
{Heap after GC invocations=3 (full 0):
 garbage-first heap   total 8192K, used 2286K [0x0000000082800000, 0x0000000100000000)
  region size 1024K, 1 young (1024K), 1 survivors (1024K)
 Metaspace       used 7103K, committed 7296K, reserved 1114112K
  class space    used 833K, committed 896K, reserved 1048576K
}
Event: 0.559 GC heap before
{Heap before GC invocations=3 (full 0):
 garbage-first heap   total 8192K, used 3310K [0x0000000082800000, 0x0000000100000000)
  region size 1024K, 2 young (2048K), 1 survivors (1024K)
 Metaspace       used 7540K, committed 7680K, reserved 1114112K
  class space    used 878K, committed 960K, reserved 1048576K
}
Event: 0.561 GC heap after
{Heap after GC invocations=4 (full 0):
 garbage-first heap   total 8192K, used 2522K [0x0000000082800000, 0x0000000100000000)
  region size 1024K, 1 young (1024K), 1 survivors (1024K)
 Metaspace       used 7540K, committed 7680K, reserved 1114112K
  class space    used 878K, committed 960K, reserved 1048576K
}
Event: 0.615 GC heap before
{Heap before GC invocations=4 (full 0):
 garbage-first heap   total 8192K, used 3546K [0x0000000082800000, 0x0000000100000000)
  region size 1024K, 2 young (2048K), 1 survivors (1024K)
 Metaspace       used 7638K, committed 7808K, reserved 1114112K
  class space    used 885K, committed 960K, reserved 1048576K
}
Event: 0.619 GC heap after
{Heap after GC invocations=5 (full 0):
 garbage-first heap   total 10240K, used 2971K [0x0000000082800000, 0x0000000100000000)
  region size 1024K, 1 young (1024K), 1 survivors (1024K)
 Metaspace       used 7638K, committed 7808K, reserved 1114112K
  class space    used 885K, committed 960K, reserved 1048576K
}

